name: train
run_id: commands[0]
env PROGRAMDATA: C:\ProgramData
env SYSTEMDRIVE: C:
env TEMP: C:\Users\HARSHI~1\AppData\Local\Temp
env TMP: C:\Users\HARSHI~1\AppData\Local\Temp
env PROGRAMFILES: C:\Program Files
env COMSPEC: C:\WINDOWS\system32\cmd.exe
env NUMBER_OF_PROCESSORS: 8
env PROCESSOR_ARCHITECTURE: AMD64
env PROGRAMFILES(X86): C:\Program Files (x86)
env PATHEXT: .COM;.EXE;.BAT;.CMD;.VBS;.VBE;.JS;.JSE;.WSF;.WSH;.MSC;.PY;.PYW
env SYSTEMROOT: C:\WINDOWS
env USERPROFILE: C:\Users\harshitgoyal
env PATH: C:\Users\harshitgoyal\Desktop\MLOpsPoC\MLops-model-package\.tox\test_package\Scripts;C:\Users\harshitgoyal\env\Scripts;C:\Program Files\Python38\Scripts\;C:\Program Files\Python38\;C:\WINDOWS\system32;C:\WINDOWS;C:\WINDOWS\System32\Wbem;C:\WINDOWS\System32\WindowsPowerShell\v1.0\;C:\WINDOWS\System32\OpenSSH\;C:\Program Files\TortoiseSVN\bin;C:\Program Files\dotnet\;C:\Program Files\Microsoft SQL Server\Client SDK\ODBC\130\Tools\Binn\;C:\Program Files (x86)\Microsoft SQL Server\140\Tools\Binn\;C:\Program Files\Microsoft SQL Server\140\Tools\Binn\;C:\Program Files\Microsoft SQL Server\140\DTS\Binn\;C:\Program Files (x86)\Microsoft SQL Server\150\DTS\Binn\;C:\Program Files\Microsoft SQL Server\Client SDK\ODBC\170\Tools\Binn\;C:\Program Files\protoc-3.14.0-win64\bin;C:\Redis\Redis-x64-3.2.100;C:\Program Files (x86)\dotnet\;C:\Program Files\nodejs\;C:\Program Files\PostgreSQL\13\bin;;C:\Program Files\Microsoft VS Code\bin;C:\Users\harshitgoyal\AppData\Local\Microsoft\WindowsApps;C:\Users\harshitgoyal\.dotnet\tools;C:\Microsoft VS Code\bin;C:\Users\HARSHI~1\AppData\Roaming\Python\Python38\Scripts;C:\Users\harshitgoyal\AppData\Roaming\Python\Python38\Scripts;C:\Users\harshitgoyal\AppData\Local\pypa\virtualenv;C:\Users\HARSHI~1\env\Scripts;C:\Users\HARSHI~1\AppData\Local\pypa\virtualenv;C:\Users\harshitgoyal\AppData\Local\Programs\Python\Python38\python.exe;C:\Program Files\nodejs;C:\Users\harshitgoyal\AppData\Roaming\npm;C:\Users\harshitgoyal\AppData\Roaming\npm\node_modules\typescript\bin;C:\Users\harshitgoyal\AppData\Local\Programs\Git\cmd
env PIP_DISABLE_PIP_VERSION_CHECK: 1
env PYTHONIOENCODING: utf-8
env PYTHONPATH: .
env PYTHONHASHSEED: 0
env TOX_ENV_NAME: train
env TOX_WORK_DIR: C:\Users\harshitgoyal\Desktop\MLOpsPoC\MLops-model-package\.tox
env TOX_ENV_DIR: C:\Users\harshitgoyal\Desktop\MLOpsPoC\MLops-model-package\.tox\test_package
env VIRTUAL_ENV: C:\Users\harshitgoyal\Desktop\MLOpsPoC\MLops-model-package\.tox\test_package
env COLUMNS: 187
env LINES: 5
metadata pid: 20628
cwd: C:\Users\harshitgoyal\Desktop\MLOpsPoC\MLops-model-package
allow: C:\Users\harshitgoyal\Desktop\MLOpsPoC\MLops-model-package\.tox\test_package\Scripts\*:train
cmd: python regression_model/train_pipeline.py
exit_code: 0
