name: run
run_id: commands[0]
env PROGRAMDATA: C:\ProgramData
env SYSTEMDRIVE: C:
env TMP: C:\Users\HARSHI~1\AppData\Local\Temp
env TEMP: C:\Users\HARSHI~1\AppData\Local\Temp
env PROGRAMFILES: C:\Program Files
env COMSPEC: C:\WINDOWS\system32\cmd.exe
env NUMBER_OF_PROCESSORS: 8
env PROCESSOR_ARCHITECTURE: AMD64
env PROGRAMFILES(X86): C:\Program Files (x86)
env PATHEXT: .COM;.EXE;.BAT;.CMD;.VBS;.VBE;.JS;.JSE;.WSF;.WSH;.MSC;.PY;.PYW
env SYSTEMROOT: C:\WINDOWS
env USERPROFILE: C:\Users\harshitgoyal
env PATH: D:\MLOpsPOC\house-prices-api\.tox\test_app\Scripts;C:\Program Files\Python38\Scripts\;C:\Program Files\Python38\;C:\WINDOWS\system32;C:\WINDOWS;C:\WINDOWS\System32\Wbem;C:\WINDOWS\System32\WindowsPowerShell\v1.0\;C:\WINDOWS\System32\OpenSSH\;C:\Program Files\TortoiseSVN\bin;C:\Program Files\dotnet\;C:\Program Files\Microsoft SQL Server\Client SDK\ODBC\130\Tools\Binn\;C:\Program Files (x86)\Microsoft SQL Server\140\Tools\Binn\;C:\Program Files\Microsoft SQL Server\140\Tools\Binn\;C:\Program Files\Microsoft SQL Server\140\DTS\Binn\;C:\Program Files (x86)\Microsoft SQL Server\150\DTS\Binn\;C:\Program Files\Microsoft SQL Server\Client SDK\ODBC\170\Tools\Binn\;C:\Program Files\protoc-3.14.0-win64\bin;C:\Redis\Redis-x64-3.2.100;C:\Program Files (x86)\dotnet\;C:\Program Files\nodejs\;C:\Program Files\PostgreSQL\13\bin;;C:\Program Files\Microsoft VS Code\bin;C:\Users\harshitgoyal\AppData\Local\Microsoft\WindowsApps;C:\Users\harshitgoyal\.dotnet\tools;C:\Microsoft VS Code\bin;C:\Users\HARSHI~1\AppData\Roaming\Python\Python38\Scripts;C:\Users\harshitgoyal\AppData\Roaming\Python\Python38\Scripts;C:\Users\harshitgoyal\AppData\Local\pypa\virtualenv;C:\Users\harshitgoyal\env\Scripts;C:\Users\HARSHI~1\env\Scripts;C:\Users\HARSHI~1\AppData\Local\pypa\virtualenv;C:\Users\harshitgoyal\AppData\Local\Programs\Python\Python38\python.exe;C:\Program Files\nodejs;C:\Users\harshitgoyal\AppData\Roaming\npm;C:\Users\harshitgoyal\AppData\Roaming\npm\node_modules\typescript\bin;C:\Users\harshitgoyal\AppData\Local\Programs\Git\cmd
env PYTHONHASHSEED: 597
env PIP_DISABLE_PIP_VERSION_CHECK: 1
env PYTHONIOENCODING: utf-8
env PYTHONPATH: .
env TOX_ENV_NAME: run
env TOX_WORK_DIR: D:\MLOpsPOC\house-prices-api\.tox
env TOX_ENV_DIR: D:\MLOpsPOC\house-prices-api\.tox\test_app
env VIRTUAL_ENV: D:\MLOpsPOC\house-prices-api\.tox\test_app
env COLUMNS: 187
env LINES: 3
metadata pid: 24204
cwd: D:\MLOpsPOC\house-prices-api
allow: D:\MLOpsPOC\house-prices-api\.tox\test_app\Scripts\*
cmd: python app/main.py
exit_code: 0
INFO:     ::1:53375 - "GET / HTTP/1.1" 200 OK
INFO:     ::1:53375 - "GET /docs HTTP/1.1" 200 OK
INFO:     ::1:53375 - "GET /api/v1/openapi.json HTTP/1.1" 200 OK
INFO:     ::1:53376 - "GET /docs HTTP/1.1" 200 OK
INFO:     ::1:53376 - "GET /api/v1/openapi.json HTTP/1.1" 200 OK

standard error:
D:\MLOpsPOC\house-prices-api\.tox\test_app\lib\site-packages\sklearn\base.py:299: UserWarning: Trying to unpickle estimator Binarizer from version 1.2.0 when using version 1.2.1. This might lead to breaking code or invalid results. Use at your own risk. For more info please refer to:
https://scikit-learn.org/stable/model_persistence.html#security-maintainability-limitations
  warnings.warn(
D:\MLOpsPOC\house-prices-api\.tox\test_app\lib\site-packages\sklearn\base.py:299: UserWarning: Trying to unpickle estimator MinMaxScaler from version 1.2.0 when using version 1.2.1. This might lead to breaking code or invalid results. Use at your own risk. For more info please refer to:
https://scikit-learn.org/stable/model_persistence.html#security-maintainability-limitations
  warnings.warn(
D:\MLOpsPOC\house-prices-api\.tox\test_app\lib\site-packages\sklearn\base.py:299: UserWarning: Trying to unpickle estimator Lasso from version 1.2.0 when using version 1.2.1. This might lead to breaking code or invalid results. Use at your own risk. For more info please refer to:
https://scikit-learn.org/stable/model_persistence.html#security-maintainability-limitations
  warnings.warn(
D:\MLOpsPOC\house-prices-api\.tox\test_app\lib\site-packages\sklearn\base.py:299: UserWarning: Trying to unpickle estimator Pipeline from version 1.2.0 when using version 1.2.1. This might lead to breaking code or invalid results. Use at your own risk. For more info please refer to:
https://scikit-learn.org/stable/model_persistence.html#security-maintainability-limitations
  warnings.warn(
2023-03-03 17:06:23.344 | WARNING  | __main__:<module>:55 - Running in development mode. Do not run like this in production.
INFO:     Started server process [16664]
INFO:     Waiting for application startup.
INFO:     Application startup complete.
INFO:     Uvicorn running on http://localhost:8001 (Press CTRL+C to quit)
INFO:     Shutting down
INFO:     Waiting for application shutdown.
INFO:     Application shutdown complete.
INFO:     Finished server process [16664]
