name: run
run_id: install_deps
env PROGRAMDATA: C:\ProgramData
env SYSTEMDRIVE: C:
env TEMP: C:\Users\HARSHI~1\AppData\Local\Temp
env TMP: C:\Users\HARSHI~1\AppData\Local\Temp
env PROGRAMFILES: C:\Program Files
env COMSPEC: C:\WINDOWS\system32\cmd.exe
env NUMBER_OF_PROCESSORS: 8
env PROCESSOR_ARCHITECTURE: AMD64
env PROGRAMFILES(X86): C:\Program Files (x86)
env PATHEXT: .COM;.EXE;.BAT;.CMD;.VBS;.VBE;.JS;.JSE;.WSF;.WSH;.MSC;.PY;.PYW
env SYSTEMROOT: C:\WINDOWS
env USERPROFILE: C:\Users\harshitgoyal
env PATH: C:\Users\harshitgoyal\Desktop\MLOpsPoC\MLops-model-serving-Fastapi\house-prices-api\.tox\test_app\Scripts;C:\Users\harshitgoyal\env\Scripts;C:\Program Files\Python38\Scripts\;C:\Program Files\Python38\;C:\WINDOWS\system32;C:\WINDOWS;C:\WINDOWS\System32\Wbem;C:\WINDOWS\System32\WindowsPowerShell\v1.0\;C:\WINDOWS\System32\OpenSSH\;C:\Program Files\TortoiseSVN\bin;C:\Program Files\dotnet\;C:\Program Files\Microsoft SQL Server\Client SDK\ODBC\130\Tools\Binn\;C:\Program Files (x86)\Microsoft SQL Server\140\Tools\Binn\;C:\Program Files\Microsoft SQL Server\140\Tools\Binn\;C:\Program Files\Microsoft SQL Server\140\DTS\Binn\;C:\Program Files (x86)\Microsoft SQL Server\150\DTS\Binn\;C:\Program Files\Microsoft SQL Server\Client SDK\ODBC\170\Tools\Binn\;C:\Program Files\protoc-3.14.0-win64\bin;C:\Redis\Redis-x64-3.2.100;C:\Program Files (x86)\dotnet\;C:\Program Files\nodejs\;C:\Program Files\PostgreSQL\13\bin;;C:\Program Files\Microsoft VS Code\bin;C:\Users\harshitgoyal\AppData\Local\Microsoft\WindowsApps;C:\Users\harshitgoyal\.dotnet\tools;C:\Microsoft VS Code\bin;C:\Users\HARSHI~1\AppData\Roaming\Python\Python38\Scripts;C:\Users\harshitgoyal\AppData\Roaming\Python\Python38\Scripts;C:\Users\harshitgoyal\AppData\Local\pypa\virtualenv;C:\Users\HARSHI~1\env\Scripts;C:\Users\HARSHI~1\AppData\Local\pypa\virtualenv;C:\Users\harshitgoyal\AppData\Local\Programs\Python\Python38\python.exe;C:\Program Files\nodejs;C:\Users\harshitgoyal\AppData\Roaming\npm;C:\Users\harshitgoyal\AppData\Roaming\npm\node_modules\typescript\bin;C:\Users\harshitgoyal\AppData\Local\Programs\Git\cmd
env PYTHONHASHSEED: 686
env PIP_DISABLE_PIP_VERSION_CHECK: 1
env PYTHONIOENCODING: utf-8
env PYTHONPATH: .
env TOX_ENV_NAME: run
env TOX_WORK_DIR: C:\Users\harshitgoyal\Desktop\MLOpsPoC\MLops-model-serving-Fastapi\house-prices-api\.tox
env TOX_ENV_DIR: C:\Users\harshitgoyal\Desktop\MLOpsPoC\MLops-model-serving-Fastapi\house-prices-api\.tox\test_app
env VIRTUAL_ENV: C:\Users\harshitgoyal\Desktop\MLOpsPoC\MLops-model-serving-Fastapi\house-prices-api\.tox\test_app
env COLUMNS: 187
env LINES: 7
metadata pid: 24752
cwd: C:\Users\harshitgoyal\Desktop\MLOpsPoC\MLops-model-serving-Fastapi\house-prices-api
allow: C:\Users\harshitgoyal\Desktop\MLOpsPoC\MLops-model-serving-Fastapi\house-prices-api\.tox\test_app\Scripts\*
cmd: pip install -r test_requirements.txt
exit_code: 0
Collecting uvicorn<0.30.0,>=0.20.0
  Using cached uvicorn-0.20.0-py3-none-any.whl (56 kB)
Collecting fastapi<1.0.0,>=0.88.0
  Using cached fastapi-0.92.0-py3-none-any.whl (56 kB)
Collecting python-multipart<0.1.0,>=0.0.5
  Using cached python_multipart-0.0.6-py3-none-any.whl (45 kB)
Collecting pydantic<1.12.0,>=1.10.4
  Using cached pydantic-1.10.5-cp38-cp38-win_amd64.whl (2.2 MB)
Collecting typing_extensions<5.0.0,>=4.2.0
  Using cached typing_extensions-4.5.0-py3-none-any.whl (27 kB)
Collecting loguru<1.0.0,>=0.5.3
  Using cached loguru-0.6.0-py3-none-any.whl (58 kB)
Collecting tid-regression-model>=3.2.0
  Using cached tid_regression_model-3.2.0-py3-none-any.whl (191 kB)
Collecting pytest<8.0.0,>=7.2.0
  Using cached pytest-7.2.1-py3-none-any.whl (317 kB)
Collecting requests<2.50.0,>=2.28.0
  Using cached requests-2.28.2-py3-none-any.whl (62 kB)
Collecting httpx<0.50.0,>=0.23.2
  Using cached httpx-0.23.3-py3-none-any.whl (71 kB)
Collecting click>=7.0
  Using cached click-8.1.3-py3-none-any.whl (96 kB)
Collecting h11>=0.8
  Using cached h11-0.14.0-py3-none-any.whl (58 kB)
Collecting starlette<0.26.0,>=0.25.0
  Using cached starlette-0.25.0-py3-none-any.whl (66 kB)
Collecting win32-setctime>=1.0.0
  Using cached win32_setctime-1.1.0-py3-none-any.whl (3.6 kB)
Collecting colorama>=0.3.4
  Using cached colorama-0.4.6-py2.py3-none-any.whl (25 kB)
Collecting feature-engine<2.0.0,>=1.0.2
  Using cached feature_engine-1.5.2-py2.py3-none-any.whl (290 kB)
Collecting ruamel.yaml<1.0.0,>=0.16.12
  Using cached ruamel.yaml-0.17.21-py3-none-any.whl (109 kB)
Collecting strictyaml<2.0.0,>=1.3.2
  Using cached strictyaml-1.6.2-py3-none-any.whl
Collecting numpy<2.0.0,>=1.21.0
  Using cached numpy-1.24.2-cp38-cp38-win_amd64.whl (14.9 MB)
Collecting pandas<2.0.0,>=1.3.5
  Using cached pandas-1.5.3-cp38-cp38-win_amd64.whl (11.0 MB)
Collecting joblib<2.0.0,>=1.0.1
  Using cached joblib-1.2.0-py3-none-any.whl (297 kB)
Collecting scikit-learn<2.0.0,>=1.1.3
  Using cached scikit_learn-1.2.1-cp38-cp38-win_amd64.whl (8.3 MB)
Collecting pluggy<2.0,>=0.12
  Using cached pluggy-1.0.0-py2.py3-none-any.whl (13 kB)
Collecting attrs>=19.2.0
  Using cached attrs-22.2.0-py3-none-any.whl (60 kB)
Collecting iniconfig
  Using cached iniconfig-2.0.0-py3-none-any.whl (5.9 kB)
Collecting exceptiongroup>=1.0.0rc8
  Using cached exceptiongroup-1.1.0-py3-none-any.whl (14 kB)
Collecting tomli>=1.0.0
  Using cached tomli-2.0.1-py3-none-any.whl (12 kB)
Collecting packaging
  Using cached packaging-23.0-py3-none-any.whl (42 kB)
Collecting idna<4,>=2.5
  Using cached idna-3.4-py3-none-any.whl (61 kB)
Collecting urllib3<1.27,>=1.21.1
  Using cached urllib3-1.26.14-py2.py3-none-any.whl (140 kB)
Collecting charset-normalizer<4,>=2
  Using cached charset_normalizer-3.0.1-cp38-cp38-win_amd64.whl (95 kB)
Collecting certifi>=2017.4.17
  Using cached certifi-2022.12.7-py3-none-any.whl (155 kB)
Collecting httpcore<0.17.0,>=0.15.0
  Using cached httpcore-0.16.3-py3-none-any.whl (69 kB)
Collecting sniffio
  Using cached sniffio-1.3.0-py3-none-any.whl (10 kB)
Collecting rfc3986[idna2008]<2,>=1.3
  Using cached rfc3986-1.5.0-py2.py3-none-any.whl (31 kB)
Collecting scipy>=1.4.1
  Using cached scipy-1.10.1-cp38-cp38-win_amd64.whl (42.2 MB)
Collecting statsmodels>=0.11.1
  Using cached statsmodels-0.13.5-cp38-cp38-win_amd64.whl (9.2 MB)
Collecting anyio<5.0,>=3.0
  Using cached anyio-3.6.2-py3-none-any.whl (80 kB)
Collecting pytz>=2020.1
  Using cached pytz-2022.7.1-py2.py3-none-any.whl (499 kB)
Collecting python-dateutil>=2.8.1
  Using cached python_dateutil-2.8.2-py2.py3-none-any.whl (247 kB)
Collecting ruamel.yaml.clib>=0.2.6
  Using cached ruamel.yaml.clib-0.2.7-cp38-cp38-win_amd64.whl (118 kB)
Collecting threadpoolctl>=2.0.0
  Using cached threadpoolctl-3.1.0-py3-none-any.whl (14 kB)
Collecting six>=1.5
  Using cached six-1.16.0-py2.py3-none-any.whl (11 kB)
Collecting patsy>=0.5.2
  Using cached patsy-0.5.3-py2.py3-none-any.whl (233 kB)
Installing collected packages: rfc3986, pytz, charset-normalizer, win32-setctime, urllib3, typing_extensions, tomli, threadpoolctl, sniffio, six, ruamel.yaml.clib, python-multipart, pluggy, packaging, numpy, joblib, iniconfig, idna, h11, exceptiongroup, colorama, certifi, attrs, scipy, ruamel.yaml, requests, python-dateutil, pytest, pydantic, patsy, loguru, click, anyio, uvicorn, strictyaml, starlette, scikit-learn, pandas, httpcore, statsmodels, httpx, fastapi, feature-engine, tid-regression-model
Successfully installed anyio-3.6.2 attrs-22.2.0 certifi-2022.12.7 charset-normalizer-3.0.1 click-8.1.3 colorama-0.4.6 exceptiongroup-1.1.0 fastapi-0.92.0 feature-engine-1.5.2 h11-0.14.0 httpcore-0.16.3 httpx-0.23.3 idna-3.4 iniconfig-2.0.0 joblib-1.2.0 loguru-0.6.0 numpy-1.24.2 packaging-23.0 pandas-1.5.3 patsy-0.5.3 pluggy-1.0.0 pydantic-1.10.5 pytest-7.2.1 python-dateutil-2.8.2 python-multipart-0.0.6 pytz-2022.7.1 requests-2.28.2 rfc3986-1.5.0 ruamel.yaml-0.17.21 ruamel.yaml.clib-0.2.7 scikit-learn-1.2.1 scipy-1.10.1 six-1.16.0 sniffio-1.3.0 starlette-0.25.0 statsmodels-0.13.5 strictyaml-1.6.2 threadpoolctl-3.1.0 tid-regression-model-3.2.0 tomli-2.0.1 typing_extensions-4.5.0 urllib3-1.26.14 uvicorn-0.20.0 win32-setctime-1.1.0
